\BOOKMARK [1][-]{section.1}{\376\377\000F\000r\000a\000g\000e\000s\000t\000e\000l\000l\000u\000n\000g}{}% 1
\BOOKMARK [1][-]{section.2}{\376\377\000B\000u\000s\000i\000n\000e\000s\000s\000\040\000U\000n\000d\000e\000r\000s\000t\000a\000n\000d\000i\000n\000g}{}% 2
\BOOKMARK [1][-]{section.3}{\376\377\000D\000a\000t\000a\000\040\000U\000n\000d\000e\000r\000s\000t\000a\000n\000d\000i\000n\000g}{}% 3
\BOOKMARK [1][-]{section.4}{\376\377\000D\000a\000t\000a\000\040\000P\000r\000e\000p\000a\000r\000a\000t\000i\000o\000n}{}% 4
\BOOKMARK [2][-]{subsection.4.1}{\376\377\000D\000a\000t\000a\000\040\000C\000l\000e\000a\000n\000i\000n\000g}{section.4}% 5
\BOOKMARK [2][-]{subsection.4.2}{\376\377\000A\000u\000s\000s\000c\000h\000l\000i\000e\000\337\000u\000n\000g\000\040\000v\000o\000n\000\040\000h\000\344\000u\000s\000l\000i\000c\000h\000e\000n\000\040\000V\000e\000r\000b\000r\000e\000c\000h\000e\000n}{section.4}% 6
\BOOKMARK [1][-]{section.5}{\376\377\000M\000o\000d\000e\000l\000i\000n\000g}{}% 7
\BOOKMARK [2][-]{subsection.5.1}{\376\377\000H\000e\000a\000t\000m\000a\000p\000\040\000v\000o\000n\000\040\000C\000h\000i\000c\000a\000g\000o}{section.5}% 8
\BOOKMARK [3][-]{subsubsection.5.1.1}{\376\377\000K\000a\000r\000t\000e\000n\000e\000r\000s\000t\000e\000l\000l\000u\000n\000g}{subsection.5.1}% 9
\BOOKMARK [3][-]{subsubsection.5.1.2}{\376\377\000V\000e\000r\000g\000l\000e\000i\000c\000h\000\040\000m\000i\000t\000\040\000S\000a\000t\000e\000l\000l\000i\000t\000e\000n\000b\000i\000l\000d\000e\000r\000n}{subsection.5.1}% 10
\BOOKMARK [3][-]{subsubsection.5.1.3}{\376\377\000A\000n\000w\000e\000n\000d\000u\000n\000g\000\040\000a\000u\000f\000\040\000b\000e\000s\000t\000i\000m\000m\000t\000e\000\040\000R\000e\000i\000s\000e\000z\000i\000e\000l\000e}{subsection.5.1}% 11
\BOOKMARK [3][-]{subsubsection.5.1.4}{\376\377\000A\000n\000w\000e\000n\000d\000u\000n\000g\000\040\000a\000u\000f\000\040\000a\000n\000d\000e\000r\000e\000\040\000H\000o\000t\000e\000l\000s\000/\000R\000e\000i\000s\000e\000z\000i\000e\000l\000e}{subsection.5.1}% 12
\BOOKMARK [2][-]{subsection.5.2}{\376\377\000S\000i\000c\000h\000e\000r\000e\000\040\000T\000a\000g\000e\000s\000z\000e\000i\000t\000e\000n\000?}{section.5}% 13
\BOOKMARK [2][-]{subsection.5.3}{\376\377\000S\000i\000c\000h\000e\000r\000e\000\040\000J\000a\000h\000r\000e\000s\000z\000e\000i\000t\000e\000n\000?}{section.5}% 14
\BOOKMARK [2][-]{subsection.5.4}{\376\377\000K\000l\000a\000s\000s\000i\000f\000i\000z\000i\000e\000r\000u\000n\000g\000\040\000d\000e\000r\000\040\000V\000e\000r\000b\000r\000e\000c\000h\000e\000n}{section.5}% 15
\BOOKMARK [3][-]{subsubsection.5.4.1}{\376\377\000K\000l\000a\000s\000s\000i\000f\000i\000z\000i\000e\000r\000u\000n\000g}{subsection.5.4}% 16
\BOOKMARK [3][-]{subsubsection.5.4.2}{\376\377\000G\000r\000u\000p\000p\000i\000e\000r\000u\000n\000g\000\040\000n\000a\000c\000h\000\040\000J\000a\000h\000r\000e\000n}{subsection.5.4}% 17
\BOOKMARK [3][-]{subsubsection.5.4.3}{\376\377\000S\000c\000h\000l\000u\000s\000s\000f\000o\000l\000g\000e\000r\000u\000n\000g\000e\000n\000\040\000u\000n\000d\000\040\000I\000m\000p\000l\000i\000k\000a\000t\000i\000o\000n\000e\000n\000:}{subsection.5.4}% 18
\BOOKMARK [1][-]{section.6}{\376\377\000E\000v\000a\000l\000u\000a\000t\000i\000o\000n}{}% 19
\BOOKMARK [1][-]{section.7}{\376\377\000D\000e\000p\000l\000o\000y\000m\000e\000n\000t}{}% 20
